<?xml version="1.0" ?>
<!DOCTYPE coverage SYSTEM "http://cobertura.sourceforge.net/xml/coverage-04.dtd">
<coverage lines-valid="11" lines-covered="11" line-rate="1" branches-valid="6" branches-covered="6" branch-rate="1" timestamp="1698593535797" complexity="0" version="0.1">
  <sources>
    <source>D:\Practice\Node Js\Application\node-js-fizzbuzz-typescript</source>
  </sources>
  <packages>
    <package name="main" line-rate="1" branch-rate="1">
      <classes>
        <class name="fizzBuzz.ts" filename="src\fizzBuzz.ts" line-rate="1" branch-rate="1">
          <methods>
            <method name="(anonymous_0)" hits="8" signature="()V">
              <lines>
                <line number="1" hits="8"/>
              </lines>
            </method>
          </methods>
          <lines>
            <line number="1" hits="1" branch="false"/>
            <line number="2" hits="8" branch="true" condition-coverage="100% (3/3)"/>
            <line number="3" hits="6" branch="true" condition-coverage="100% (1/1)"/>
            <line number="4" hits="4" branch="true" condition-coverage="100% (1/1)"/>
            <line number="6" hits="2" branch="false"/>
            <line number="9" hits="1" branch="false"/>
          </lines>
        </class>
        <class name="palindrome.ts" filename="src\palindrome.ts" line-rate="1" branch-rate="1">
          <methods>
            <method name="(anonymous_0)" hits="2" signature="()V">
              <lines>
                <line number="1" hits="2"/>
              </lines>
            </method>
          </methods>
          <lines>
            <line number="1" hits="1" branch="false"/>
            <line number="2" hits="2" branch="false"/>
            <line number="3" hits="5" branch="true" condition-coverage="100% (1/1)"/>
            <line number="6" hits="1" branch="false"/>
            <line number="9" hits="1" branch="false"/>
          </lines>
        </class>
      </classes>
    </package>
  </packages>
</coverage>
